[2022-02-01 17:00:50,731] {taskinstance.py:1032} INFO - Dependencies all met for <TaskInstance: my_dag.training_model_B manual__2022-02-01T17:00:49.336005+00:00 [queued]>
[2022-02-01 17:00:50,746] {taskinstance.py:1032} INFO - Dependencies all met for <TaskInstance: my_dag.training_model_B manual__2022-02-01T17:00:49.336005+00:00 [queued]>
[2022-02-01 17:00:50,746] {taskinstance.py:1238} INFO - 
--------------------------------------------------------------------------------
[2022-02-01 17:00:50,746] {taskinstance.py:1239} INFO - Starting attempt 1 of 1
[2022-02-01 17:00:50,746] {taskinstance.py:1240} INFO - 
--------------------------------------------------------------------------------
[2022-02-01 17:00:50,761] {taskinstance.py:1259} INFO - Executing <Task(PythonOperator): training_model_B> on 2022-02-01 17:00:49.336005+00:00
[2022-02-01 17:00:50,766] {standard_task_runner.py:52} INFO - Started process 151 to run task
[2022-02-01 17:00:50,770] {standard_task_runner.py:76} INFO - Running: ['***', 'tasks', 'run', 'my_dag', 'training_model_B', 'manual__2022-02-01T17:00:49.336005+00:00', '--job-id', '16', '--raw', '--subdir', 'DAGS_FOLDER/my_dag.py', '--cfg-path', '/tmp/tmpeci_5zhc', '--error-file', '/tmp/tmpi7osbpi5']
[2022-02-01 17:00:50,771] {standard_task_runner.py:77} INFO - Job 16: Subtask training_model_B
[2022-02-01 17:00:50,829] {logging_mixin.py:109} INFO - Running <TaskInstance: my_dag.training_model_B manual__2022-02-01T17:00:49.336005+00:00 [running]> on host 1f177efe7f75
[2022-02-01 17:00:50,896] {taskinstance.py:1426} INFO - Exporting the following env vars:
AIRFLOW_CTX_DAG_OWNER=***
AIRFLOW_CTX_DAG_ID=my_dag
AIRFLOW_CTX_TASK_ID=training_model_B
AIRFLOW_CTX_EXECUTION_DATE=2022-02-01T17:00:49.336005+00:00
AIRFLOW_CTX_DAG_RUN_ID=manual__2022-02-01T17:00:49.336005+00:00
[2022-02-01 17:00:50,897] {python.py:175} INFO - Done. Returned value was: 4
[2022-02-01 17:00:50,929] {taskinstance.py:1277} INFO - Marking task as SUCCESS. dag_id=my_dag, task_id=training_model_B, execution_date=20220201T170049, start_date=20220201T170050, end_date=20220201T170050
[2022-02-01 17:00:50,982] {local_task_job.py:154} INFO - Task exited with return code 0
[2022-02-01 17:00:51,039] {local_task_job.py:264} INFO - 1 downstream tasks scheduled from follow-on schedule check
