[2022-02-01 17:00:58,240] {taskinstance.py:1032} INFO - Dependencies all met for <TaskInstance: my_dag.training_model_B manual__2022-02-01T17:00:57.130898+00:00 [queued]>
[2022-02-01 17:00:58,256] {taskinstance.py:1032} INFO - Dependencies all met for <TaskInstance: my_dag.training_model_B manual__2022-02-01T17:00:57.130898+00:00 [queued]>
[2022-02-01 17:00:58,257] {taskinstance.py:1238} INFO - 
--------------------------------------------------------------------------------
[2022-02-01 17:00:58,257] {taskinstance.py:1239} INFO - Starting attempt 1 of 1
[2022-02-01 17:00:58,257] {taskinstance.py:1240} INFO - 
--------------------------------------------------------------------------------
[2022-02-01 17:00:58,273] {taskinstance.py:1259} INFO - Executing <Task(PythonOperator): training_model_B> on 2022-02-01 17:00:57.130898+00:00
[2022-02-01 17:00:58,279] {standard_task_runner.py:52} INFO - Started process 160 to run task
[2022-02-01 17:00:58,283] {standard_task_runner.py:76} INFO - Running: ['***', 'tasks', 'run', 'my_dag', 'training_model_B', 'manual__2022-02-01T17:00:57.130898+00:00', '--job-id', '21', '--raw', '--subdir', 'DAGS_FOLDER/my_dag.py', '--cfg-path', '/tmp/tmpwd58lo0c', '--error-file', '/tmp/tmpjev97g8o']
[2022-02-01 17:00:58,283] {standard_task_runner.py:77} INFO - Job 21: Subtask training_model_B
[2022-02-01 17:00:58,383] {logging_mixin.py:109} INFO - Running <TaskInstance: my_dag.training_model_B manual__2022-02-01T17:00:57.130898+00:00 [running]> on host 1f177efe7f75
[2022-02-01 17:00:58,452] {taskinstance.py:1426} INFO - Exporting the following env vars:
AIRFLOW_CTX_DAG_OWNER=***
AIRFLOW_CTX_DAG_ID=my_dag
AIRFLOW_CTX_TASK_ID=training_model_B
AIRFLOW_CTX_EXECUTION_DATE=2022-02-01T17:00:57.130898+00:00
AIRFLOW_CTX_DAG_RUN_ID=manual__2022-02-01T17:00:57.130898+00:00
[2022-02-01 17:00:58,452] {python.py:175} INFO - Done. Returned value was: 7
[2022-02-01 17:00:58,478] {taskinstance.py:1277} INFO - Marking task as SUCCESS. dag_id=my_dag, task_id=training_model_B, execution_date=20220201T170057, start_date=20220201T170058, end_date=20220201T170058
[2022-02-01 17:00:58,537] {local_task_job.py:154} INFO - Task exited with return code 0
[2022-02-01 17:00:58,594] {local_task_job.py:264} INFO - 0 downstream tasks scheduled from follow-on schedule check
