[2022-02-01 17:00:04,363] {taskinstance.py:1032} INFO - Dependencies all met for <TaskInstance: my_dag.training_model_C manual__2022-02-01T17:00:02.836767+00:00 [queued]>
[2022-02-01 17:00:04,381] {taskinstance.py:1032} INFO - Dependencies all met for <TaskInstance: my_dag.training_model_C manual__2022-02-01T17:00:02.836767+00:00 [queued]>
[2022-02-01 17:00:04,381] {taskinstance.py:1238} INFO - 
--------------------------------------------------------------------------------
[2022-02-01 17:00:04,381] {taskinstance.py:1239} INFO - Starting attempt 1 of 1
[2022-02-01 17:00:04,382] {taskinstance.py:1240} INFO - 
--------------------------------------------------------------------------------
[2022-02-01 17:00:04,400] {taskinstance.py:1259} INFO - Executing <Task(PythonOperator): training_model_C> on 2022-02-01 17:00:02.836767+00:00
[2022-02-01 17:00:04,405] {standard_task_runner.py:52} INFO - Started process 106 to run task
[2022-02-01 17:00:04,409] {standard_task_runner.py:76} INFO - Running: ['***', 'tasks', 'run', 'my_dag', 'training_model_C', 'manual__2022-02-01T17:00:02.836767+00:00', '--job-id', '13', '--raw', '--subdir', 'DAGS_FOLDER/my_dag.py', '--cfg-path', '/tmp/tmpk2mwclh0', '--error-file', '/tmp/tmp48tkdw9i']
[2022-02-01 17:00:04,409] {standard_task_runner.py:77} INFO - Job 13: Subtask training_model_C
[2022-02-01 17:00:04,491] {logging_mixin.py:109} INFO - Running <TaskInstance: my_dag.training_model_C manual__2022-02-01T17:00:02.836767+00:00 [running]> on host 1f177efe7f75
[2022-02-01 17:00:04,560] {taskinstance.py:1426} INFO - Exporting the following env vars:
AIRFLOW_CTX_DAG_OWNER=***
AIRFLOW_CTX_DAG_ID=my_dag
AIRFLOW_CTX_TASK_ID=training_model_C
AIRFLOW_CTX_EXECUTION_DATE=2022-02-01T17:00:02.836767+00:00
AIRFLOW_CTX_DAG_RUN_ID=manual__2022-02-01T17:00:02.836767+00:00
[2022-02-01 17:00:04,561] {python.py:175} INFO - Done. Returned value was: 8
[2022-02-01 17:00:04,599] {taskinstance.py:1277} INFO - Marking task as SUCCESS. dag_id=my_dag, task_id=training_model_C, execution_date=20220201T170002, start_date=20220201T170004, end_date=20220201T170004
[2022-02-01 17:00:04,663] {local_task_job.py:154} INFO - Task exited with return code 0
[2022-02-01 17:00:04,728] {local_task_job.py:264} INFO - 0 downstream tasks scheduled from follow-on schedule check
